<?xml version="1.0" encoding="UTF-8"?>
<!-- Generated by org.testng.reporters.JUnitReportReporter -->
<testsuite hostname="WINDOWS-Q3AF2KO" failures="0" tests="3" name="com.testcases.TC_002_Hypothyroidism" time="815.018" errors="0" timestamp="2023-12-18T15:19:36 EST" skipped="0">
  <testcase classname="com.testcases.TC_002_Hypothyroidism" name="hypothyroidism" time="813.727"/>
  <system-out/>
  <testcase classname="com.testcases.TC_002_Hypothyroidism" name="CheckForHR" time="0.110"/>
  <system-out/>
  <testcase classname="com.testcases.TC_002_Hypothyroidism" name="CheckForA" time="1.181"/>
  <system-out/>
</testsuite> <!-- com.testcases.TC_002_Hypothyroidism -->
