<?xml version="1.0" encoding="UTF-8"?>
<!-- Generated by org.testng.reporters.JUnitReportReporter -->
<testsuite hostname="ManasPC" failures="0" tests="1" name="com.testcases.TC_001_Diabetes" time="4.959" errors="0" timestamp="2023-12-17T22:25:55 EST" skipped="0">
  <testcase classname="com.testcases.TC_001_Diabetes" name="CheckForA" time="4.959"/>
  <system-out/>
</testsuite> <!-- com.testcases.TC_001_Diabetes -->
